[2021-05-03T13:55:36.434+0600] [glassfish 5.0] [SEVERE] [NCLS-SECURITY-05054] [javax.enterprise.system.security.ssl] [tid: _ThreadID=18 _ThreadName=RunLevelControllerThread-1620028535156] [timeMillis: 1620028536434] [levelValue: 1000] [[
  The SSL certificate has expired: [
[
  Version: V3
  Subject: CN=Entrust.net Secure Server Certification Authority, OU=(c) 1999 Entrust.net Limited, OU=www.entrust.net/CPS incorp. by ref. (limits liab.), O=Entrust.net, C=US
  Signature Algorithm: SHA1withRSA, OID = 1.2.840.113549.1.1.5

  Key:  Sun RSA public key, 1024 bits
  params: null
  modulus: 144067023913051061401427662951005762134922353734488468053603530223452408322326917369347612678930500793708458747092762943382762018047024013938414215872028527163969125655573945488614401571467677066488315957153441759858575776484848611157850921563438091296557524842885335944479053857025193408242979060399539152451
  public exponent: 3
  Validity: [From: Tue May 25 22:09:40 BDT 1999,
               To: Sat May 25 22:39:40 BDT 2019]
  Issuer: CN=Entrust.net Secure Server Certification Authority, OU=(c) 1999 Entrust.net Limited, OU=www.entrust.net/CPS incorp. by ref. (limits liab.), O=Entrust.net, C=US
  SerialNumber: [    374ad243]

Certificate Extensions: 8
[1]: ObjectId: 1.2.840.113533.7.65.0 Criticality=false
Extension unknown: DER encoded OCTET string =
0000: 04 0C 30 0A 1B 04 56 34   2E 30 03 02 04 90        ..0...V4.0....


[2]: ObjectId: 2.5.29.35 Criticality=false
AuthorityKeyIdentifier [
KeyIdentifier [
0000: F0 17 62 13 55 3D B3 FF   0A 00 6B FB 50 84 97 F3  ..b.U=....k.P...
0010: ED 62 D0 1A                                        .b..
]
]

[3]: ObjectId: 2.5.29.19 Criticality=false
BasicConstraints:[
  CA:true
  PathLen:2147483647
]

[4]: ObjectId: 2.5.29.31 Criticality=false
CRLDistributionPoints [
  [DistributionPoint:
     [CN=CRL1, CN=Entrust.net Secure Server Certification Authority, OU=(c) 1999 Entrust.net Limited, OU=www.entrust.net/CPS incorp. by ref. (limits liab.), O=Entrust.net, C=US]
, DistributionPoint:
     [URIName: http://www.entrust.net/CRL/net1.crl]
]]

[5]: ObjectId: 2.5.29.15 Criticality=false
KeyUsage [
  Key_CertSign
  Crl_Sign
]

[6]: ObjectId: 2.16.840.1.113730.1.1 Criticality=false
NetscapeCertType [
   SSL CA
   S/MIME CA
   Object Signing CA]

[7]: ObjectId: 2.5.29.16 Criticality=false
PrivateKeyUsage: [
From: Tue May 25 22:09:40 BDT 1999, To: Sat May 25 22:09:40 BDT 2019]

[8]: ObjectId: 2.5.29.14 Criticality=false
SubjectKeyIdentifier [
KeyIdentifier [
0000: F0 17 62 13 55 3D B3 FF   0A 00 6B FB 50 84 97 F3  ..b.U=....k.P...
0010: ED 62 D0 1A                                        .b..
]
]

]
  Algorithm: [SHA1withRSA]
  Signature:
0000: 90 DC 30 02 FA 64 74 C2   A7 0A A5 7C 21 8D 34 17  ..0..dt.....!.4.
0010: A8 FB 47 0E FF 25 7C 8D   13 0A FB E4 98 B5 EF 8C  ..G..%..........
0020: F8 C5 10 0D F7 92 BE F1   C3 D5 D5 95 6A 04 BB 2C  ............j..,
0030: CE 26 36 65 C8 31 C6 E7   EE 3F E3 57 75 84 7A 11  .&6e.1...?.Wu.z.
0040: EF 46 4F 18 F4 D3 98 BB   A8 87 32 BA 72 F6 3C E2  .FO.......2.r.<.
0050: 3D 9F D7 1D D9 C3 60 43   8C 58 0E 22 96 2F 62 A3  =.....`C.X."./b.
0060: 2C 1F BA AD 05 EF AB 32   78 87 A0 54 73 19 B5 5C  ,......2x..Ts..\
0070: 05 F9 52 3E 6D 2D 45 0B   F7 0A 93 EA ED 06 F9 B2  ..R>m-E.........

]]]

[2021-05-03T13:55:36.441+0600] [glassfish 5.0] [INFO] [NCLS-SECURITY-01002] [javax.enterprise.system.core.security] [tid: _ThreadID=18 _ThreadName=RunLevelControllerThread-1620028535156] [timeMillis: 1620028536441] [levelValue: 800] [[
  Java security manager is disabled.]]

[2021-05-03T13:55:36.441+0600] [glassfish 5.0] [INFO] [NCLS-SECURITY-01010] [javax.enterprise.system.core.security] [tid: _ThreadID=18 _ThreadName=RunLevelControllerThread-1620028535156] [timeMillis: 1620028536441] [levelValue: 800] [[
  Entering Security Startup Service.]]

[2021-05-03T13:55:36.444+0600] [glassfish 5.0] [INFO] [NCLS-SECURITY-01143] [javax.enterprise.system.core.security] [tid: _ThreadID=18 _ThreadName=RunLevelControllerThread-1620028535156] [timeMillis: 1620028536444] [levelValue: 800] [[
  Loading policy provider com.sun.enterprise.security.provider.PolicyWrapper.]]

[2021-05-03T13:55:36.461+0600] [glassfish 5.0] [INFO] [NCLS-SECURITY-01011] [javax.enterprise.system.core.security] [tid: _ThreadID=18 _ThreadName=RunLevelControllerThread-1620028535156] [timeMillis: 1620028536461] [levelValue: 800] [[
  Security Service(s) started successfully.]]

[2021-05-03T13:55:36.609+0600] [glassfish 5.0] [INFO] [AS-WEB-GLUE-00198] [javax.enterprise.web] [tid: _ThreadID=18 _ThreadName=RunLevelControllerThread-1620028535156] [timeMillis: 1620028536609] [levelValue: 800] [[
  Created HTTP listener http-listener-1 on host/port 0.0.0.0:8080]]

[2021-05-03T13:55:36.612+0600] [glassfish 5.0] [INFO] [AS-WEB-GLUE-00198] [javax.enterprise.web] [tid: _ThreadID=18 _ThreadName=RunLevelControllerThread-1620028535156] [timeMillis: 1620028536612] [levelValue: 800] [[
  Created HTTP listener http-listener-2 on host/port 0.0.0.0:8181]]

[2021-05-03T13:55:36.613+0600] [glassfish 5.0] [INFO] [AS-WEB-GLUE-00198] [javax.enterprise.web] [tid: _ThreadID=18 _ThreadName=RunLevelControllerThread-1620028535156] [timeMillis: 1620028536613] [levelValue: 800] [[
  Created HTTP listener admin-listener on host/port 0.0.0.0:4848]]

[2021-05-03T13:55:36.626+0600] [glassfish 5.0] [INFO] [AS-WEB-GLUE-00200] [javax.enterprise.web] [tid: _ThreadID=18 _ThreadName=RunLevelControllerThread-1620028535156] [timeMillis: 1620028536626] [levelValue: 800] [[
  Created virtual server server]]

[2021-05-03T13:55:36.627+0600] [glassfish 5.0] [INFO] [AS-WEB-GLUE-00200] [javax.enterprise.web] [tid: _ThreadID=18 _ThreadName=RunLevelControllerThread-1620028535156] [timeMillis: 1620028536627] [levelValue: 800] [[
  Created virtual server __asadmin]]

[2021-05-03T13:55:36.794+0600] [glassfish 5.0] [INFO] [AS-WEB-CORE-00306] [javax.enterprise.web.core] [tid: _ThreadID=18 _ThreadName=RunLevelControllerThread-1620028535156] [timeMillis: 1620028536794] [levelValue: 800] [[
  Setting JAAS app name glassfish-web]]

[2021-05-03T13:55:36.794+0600] [glassfish 5.0] [INFO] [AS-WEB-GLUE-00201] [javax.enterprise.web] [tid: _ThreadID=18 _ThreadName=RunLevelControllerThread-1620028535156] [timeMillis: 1620028536794] [levelValue: 800] [[
  Virtual server server loaded default web module ]]

[2021-05-03T13:55:37.161+0600] [glassfish 5.0] [INFO] [] [javax.enterprise.system.tools.deployment.common] [tid: _ThreadID=18 _ThreadName=RunLevelControllerThread-1620028535156] [timeMillis: 1620028537161] [levelValue: 800] [[
  visiting unvisited references]]

[2021-05-03T13:55:37.202+0600] [glassfish 5.0] [INFO] [] [javax.enterprise.system.tools.deployment.common] [tid: _ThreadID=18 _ThreadName=RunLevelControllerThread-1620028535156] [timeMillis: 1620028537202] [levelValue: 800] [[
  visiting unvisited references]]

[2021-05-03T13:55:37.203+0600] [glassfish 5.0] [INFO] [] [javax.enterprise.system.tools.deployment.common] [tid: _ThreadID=18 _ThreadName=RunLevelControllerThread-1620028535156] [timeMillis: 1620028537203] [levelValue: 800] [[
  visiting unvisited references]]

[2021-05-03T13:55:37.251+0600] [glassfish 5.0] [WARNING] [] [javax.enterprise.web.util] [tid: _ThreadID=18 _ThreadName=RunLevelControllerThread-1620028535156] [timeMillis: 1620028537251] [levelValue: 900] [[
  The web application [unknown] registered the JDBC driver [com.mysql.jdbc.Driver] but failed to unregister it when the web application was stopped. To prevent a memory leak, the JDBC Driver has been forcibly unregistered.]]

[2021-05-03T13:55:37.251+0600] [glassfish 5.0] [WARNING] [] [javax.enterprise.web.util] [tid: _ThreadID=18 _ThreadName=RunLevelControllerThread-1620028535156] [timeMillis: 1620028537251] [levelValue: 900] [[
  The web application [unknown] registered the JDBC driver [com.mysql.fabric.jdbc.FabricMySQLDriver] but failed to unregister it when the web application was stopped. To prevent a memory leak, the JDBC Driver has been forcibly unregistered.]]

[2021-05-03T13:55:37.302+0600] [glassfish 5.0] [INFO] [AS-WEB-GLUE-00172] [javax.enterprise.web] [tid: _ThreadID=18 _ThreadName=RunLevelControllerThread-1620028535156] [timeMillis: 1620028537302] [levelValue: 800] [[
  Loading application [FoodHeaven-1.0-SNAPSHOT] at [/FoodHeaven-1.0-SNAPSHOT]]]

[2021-05-03T13:55:37.303+0600] [glassfish 5.0] [INFO] [NCLS-CORE-00022] [javax.enterprise.system.core] [tid: _ThreadID=18 _ThreadName=RunLevelControllerThread-1620028535156] [timeMillis: 1620028537303] [levelValue: 800] [[
  Loading application FoodHeaven-1.0-SNAPSHOT done in 1,659 ms]]

[2021-05-03T13:55:37.304+0600] [glassfish 5.0] [INFO] [NCLS-CORE-00017] [javax.enterprise.system.core] [tid: _ThreadID=1 _ThreadName=main] [timeMillis: 1620028537304] [levelValue: 800] [[
  GlassFish Server Open Source Edition  5.0  (25) startup time : Felix (9,901ms), startup services(2,155ms), total(12,056ms)]]

[2021-05-03T13:55:37.342+0600] [glassfish 5.0] [INFO] [NCLS-CORE-00087] [javax.enterprise.system.core] [tid: _ThreadID=18 _ThreadName=RunLevelControllerThread-1620028535156] [timeMillis: 1620028537342] [levelValue: 800] [[
  Grizzly Framework 2.4.1 started in: 2ms - bound to [/0.0.0.0:7676]]]

[2021-05-03T13:55:37.369+0600] [glassfish 5.0] [INFO] [] [org.hibernate.validator.internal.util.Version] [tid: _ThreadID=44 _ThreadName=admin-listener(2)] [timeMillis: 1620028537369] [levelValue: 800] [[
  HV000001: Hibernate Validator 6.0.2.Final]]

[2021-05-03T13:55:37.443+0600] [glassfish 5.0] [INFO] [NCLS-JMX-00005] [javax.enterprise.system.jmx] [tid: _ThreadID=68 _ThreadName=Thread-19] [timeMillis: 1620028537443] [levelValue: 800] [[
  JMXStartupService has started JMXConnector on JMXService URL service:jmx:rmi://ReptilesPC:8686/jndi/rmi://ReptilesPC:8686/jmxrmi]]

[2021-05-03T13:55:37.839+0600] [glassfish 5.0] [INFO] [] [javax.enterprise.system.tools.deployment.common] [tid: _ThreadID=47 _ThreadName=admin-listener(5)] [timeMillis: 1620028537839] [levelValue: 800] [[
  visiting unvisited references]]

[2021-05-03T13:55:37.889+0600] [glassfish 5.0] [INFO] [] [javax.enterprise.system.tools.deployment.common] [tid: _ThreadID=47 _ThreadName=admin-listener(5)] [timeMillis: 1620028537889] [levelValue: 800] [[
  visiting unvisited references]]

[2021-05-03T13:55:37.904+0600] [glassfish 5.0] [INFO] [] [javax.enterprise.system.tools.deployment.common] [tid: _ThreadID=47 _ThreadName=admin-listener(5)] [timeMillis: 1620028537904] [levelValue: 800] [[
  visiting unvisited references]]

[2021-05-03T13:55:37.905+0600] [glassfish 5.0] [INFO] [] [javax.enterprise.system.tools.deployment.common] [tid: _ThreadID=47 _ThreadName=admin-listener(5)] [timeMillis: 1620028537905] [levelValue: 800] [[
  visiting unvisited references]]

[2021-05-03T13:55:37.979+0600] [glassfish 5.0] [INFO] [AS-WEB-GLUE-00172] [javax.enterprise.web] [tid: _ThreadID=47 _ThreadName=admin-listener(5)] [timeMillis: 1620028537979] [levelValue: 800] [[
  Loading application [FoodHeaven-1.0-SNAPSHOT] at [/FoodHeaven-1.0-SNAPSHOT]]]

[2021-05-03T13:55:38.006+0600] [glassfish 5.0] [INFO] [] [javax.enterprise.system.core] [tid: _ThreadID=47 _ThreadName=admin-listener(5)] [timeMillis: 1620028538006] [levelValue: 800] [[
  FoodHeaven-1.0-SNAPSHOT was successfully deployed in 347 milliseconds.]]

[2021-05-03T13:55:38.848+0600] [glassfish 5.0] [INFO] [NCLS-REST-00001] [javax.enterprise.admin.rest] [tid: _ThreadID=45 _ThreadName=admin-listener(3)] [timeMillis: 1620028538848] [levelValue: 800] [[
  Listening to REST requests at context: /management/domain.]]

[2021-05-03T13:55:38.903+0600] [glassfish 5.0] [INFO] [NCLS-BOOTSTRAP-00027] [javax.enterprise.bootstrap] [tid: _ThreadID=1 _ThreadName=main] [timeMillis: 1620028538903] [levelValue: 800] [[
  Registered com.sun.enterprise.glassfish.bootstrap.osgi.EmbeddedOSGiGlassFishImpl@35636217 as OSGi service registration: org.apache.felix.framework.ServiceRegistrationImpl@1abc9f14.]]

[2021-05-03T13:55:39.144+0600] [glassfish 5.0] [INFO] [] [javax.enterprise.system.tools.deployment.common] [tid: _ThreadID=100 _ThreadName=Thread-25] [timeMillis: 1620028539144] [levelValue: 800] [[
  visiting unvisited references]]

[2021-05-03T13:55:39.319+0600] [glassfish 5.0] [INFO] [] [javax.enterprise.system.tools.deployment.common] [tid: _ThreadID=100 _ThreadName=Thread-25] [timeMillis: 1620028539319] [levelValue: 800] [[
  visiting unvisited references]]

[2021-05-03T13:55:39.322+0600] [glassfish 5.0] [INFO] [] [javax.enterprise.system.tools.deployment.common] [tid: _ThreadID=100 _ThreadName=Thread-25] [timeMillis: 1620028539322] [levelValue: 800] [[
  visiting unvisited references]]

[2021-05-03T13:55:39.322+0600] [glassfish 5.0] [INFO] [] [javax.enterprise.system.tools.deployment.common] [tid: _ThreadID=100 _ThreadName=Thread-25] [timeMillis: 1620028539322] [levelValue: 800] [[
  visiting unvisited references]]

[2021-05-03T13:55:40.114+0600] [glassfish 5.0] [INFO] [jsf.config.listener.version] [javax.enterprise.resource.webcontainer.jsf.config] [tid: _ThreadID=100 _ThreadName=Thread-25] [timeMillis: 1620028540114] [levelValue: 800] [[
  Initializing Mojarra 2.3.2 ( 20170627-2139 e63598abf2ed2bb1a24674f308a734e0dce18a72) for context '']]

[2021-05-03T13:55:40.767+0600] [glassfish 5.0] [INFO] [AS-WEB-GLUE-00172] [javax.enterprise.web] [tid: _ThreadID=100 _ThreadName=Thread-25] [timeMillis: 1620028540767] [levelValue: 800] [[
  Loading application [__admingui] at [/]]]

[2021-05-03T13:55:40.767+0600] [glassfish 5.0] [INFO] [NCLS-CORE-00022] [javax.enterprise.system.core] [tid: _ThreadID=100 _ThreadName=Thread-25] [timeMillis: 1620028540767] [levelValue: 800] [[
  Loading application __admingui done in 1,865 ms]]

[2021-05-03T13:58:18.965+0600] [glassfish 5.0] [INFO] [] [] [tid: _ThreadID=30 _ThreadName=Thread-8] [timeMillis: 1620028698965] [levelValue: 800] [[
  Meep]]

[2021-05-03T13:58:26.131+0600] [glassfish 5.0] [WARNING] [] [javax.enterprise.web.util] [tid: _ThreadID=47 _ThreadName=admin-listener(5)] [timeMillis: 1620028706131] [levelValue: 900] [[
  The web application [/FoodHeaven-1.0-SNAPSHOT] registered the JDBC driver [com.mysql.jdbc.Driver] but failed to unregister it when the web application was stopped. To prevent a memory leak, the JDBC Driver has been forcibly unregistered.]]

[2021-05-03T13:58:26.270+0600] [glassfish 5.0] [INFO] [] [javax.enterprise.system.tools.deployment.common] [tid: _ThreadID=47 _ThreadName=admin-listener(5)] [timeMillis: 1620028706270] [levelValue: 800] [[
  visiting unvisited references]]

[2021-05-03T13:58:26.306+0600] [glassfish 5.0] [INFO] [] [javax.enterprise.system.tools.deployment.common] [tid: _ThreadID=47 _ThreadName=admin-listener(5)] [timeMillis: 1620028706306] [levelValue: 800] [[
  visiting unvisited references]]

[2021-05-03T13:58:26.328+0600] [glassfish 5.0] [INFO] [] [javax.enterprise.system.tools.deployment.common] [tid: _ThreadID=47 _ThreadName=admin-listener(5)] [timeMillis: 1620028706328] [levelValue: 800] [[
  visiting unvisited references]]

[2021-05-03T13:58:26.329+0600] [glassfish 5.0] [INFO] [] [javax.enterprise.system.tools.deployment.common] [tid: _ThreadID=47 _ThreadName=admin-listener(5)] [timeMillis: 1620028706329] [levelValue: 800] [[
  visiting unvisited references]]

[2021-05-03T13:58:26.472+0600] [glassfish 5.0] [INFO] [AS-WEB-GLUE-00172] [javax.enterprise.web] [tid: _ThreadID=47 _ThreadName=admin-listener(5)] [timeMillis: 1620028706472] [levelValue: 800] [[
  Loading application [FoodHeaven-1.0-SNAPSHOT] at [/FoodHeaven-1.0-SNAPSHOT]]]

[2021-05-03T13:58:26.480+0600] [glassfish 5.0] [INFO] [] [javax.enterprise.system.core] [tid: _ThreadID=47 _ThreadName=admin-listener(5)] [timeMillis: 1620028706480] [levelValue: 800] [[
  FoodHeaven-1.0-SNAPSHOT was successfully deployed in 371 milliseconds.]]

[2021-05-03T14:25:07.630+0600] [glassfish 5.0] [WARNING] [] [javax.enterprise.web.util] [tid: _ThreadID=44 _ThreadName=admin-listener(2)] [timeMillis: 1620030307630] [levelValue: 900] [[
  The web application [/FoodHeaven-1.0-SNAPSHOT] registered the JDBC driver [com.mysql.jdbc.Driver] but failed to unregister it when the web application was stopped. To prevent a memory leak, the JDBC Driver has been forcibly unregistered.]]

[2021-05-03T14:25:07.711+0600] [glassfish 5.0] [INFO] [] [javax.enterprise.system.tools.deployment.common] [tid: _ThreadID=44 _ThreadName=admin-listener(2)] [timeMillis: 1620030307711] [levelValue: 800] [[
  visiting unvisited references]]

[2021-05-03T14:25:07.740+0600] [glassfish 5.0] [INFO] [] [javax.enterprise.system.tools.deployment.common] [tid: _ThreadID=44 _ThreadName=admin-listener(2)] [timeMillis: 1620030307740] [levelValue: 800] [[
  visiting unvisited references]]

[2021-05-03T14:25:07.758+0600] [glassfish 5.0] [INFO] [] [javax.enterprise.system.tools.deployment.common] [tid: _ThreadID=44 _ThreadName=admin-listener(2)] [timeMillis: 1620030307758] [levelValue: 800] [[
  visiting unvisited references]]

[2021-05-03T14:25:07.759+0600] [glassfish 5.0] [INFO] [] [javax.enterprise.system.tools.deployment.common] [tid: _ThreadID=44 _ThreadName=admin-listener(2)] [timeMillis: 1620030307759] [levelValue: 800] [[
  visiting unvisited references]]

[2021-05-03T14:25:07.817+0600] [glassfish 5.0] [INFO] [AS-WEB-GLUE-00172] [javax.enterprise.web] [tid: _ThreadID=44 _ThreadName=admin-listener(2)] [timeMillis: 1620030307817] [levelValue: 800] [[
  Loading application [FoodHeaven-1.0-SNAPSHOT] at [/FoodHeaven-1.0-SNAPSHOT]]]

[2021-05-03T14:25:07.824+0600] [glassfish 5.0] [INFO] [] [javax.enterprise.system.core] [tid: _ThreadID=44 _ThreadName=admin-listener(2)] [timeMillis: 1620030307824] [levelValue: 800] [[
  FoodHeaven-1.0-SNAPSHOT was successfully deployed in 211 milliseconds.]]

[2021-05-03T14:35:58.662+0600] [glassfish 5.0] [WARNING] [] [javax.enterprise.web.util] [tid: _ThreadID=43 _ThreadName=admin-listener(1)] [timeMillis: 1620030958662] [levelValue: 900] [[
  The web application [/FoodHeaven-1.0-SNAPSHOT] registered the JDBC driver [com.mysql.jdbc.Driver] but failed to unregister it when the web application was stopped. To prevent a memory leak, the JDBC Driver has been forcibly unregistered.]]

[2021-05-03T14:35:58.719+0600] [glassfish 5.0] [INFO] [] [javax.enterprise.system.tools.deployment.common] [tid: _ThreadID=43 _ThreadName=admin-listener(1)] [timeMillis: 1620030958719] [levelValue: 800] [[
  visiting unvisited references]]

[2021-05-03T14:35:58.747+0600] [glassfish 5.0] [INFO] [] [javax.enterprise.system.tools.deployment.common] [tid: _ThreadID=43 _ThreadName=admin-listener(1)] [timeMillis: 1620030958747] [levelValue: 800] [[
  visiting unvisited references]]

[2021-05-03T14:35:58.762+0600] [glassfish 5.0] [INFO] [] [javax.enterprise.system.tools.deployment.common] [tid: _ThreadID=43 _ThreadName=admin-listener(1)] [timeMillis: 1620030958762] [levelValue: 800] [[
  visiting unvisited references]]

[2021-05-03T14:35:58.763+0600] [glassfish 5.0] [INFO] [] [javax.enterprise.system.tools.deployment.common] [tid: _ThreadID=43 _ThreadName=admin-listener(1)] [timeMillis: 1620030958763] [levelValue: 800] [[
  visiting unvisited references]]

[2021-05-03T14:35:58.826+0600] [glassfish 5.0] [INFO] [AS-WEB-GLUE-00172] [javax.enterprise.web] [tid: _ThreadID=43 _ThreadName=admin-listener(1)] [timeMillis: 1620030958826] [levelValue: 800] [[
  Loading application [FoodHeaven-1.0-SNAPSHOT] at [/FoodHeaven-1.0-SNAPSHOT]]]

[2021-05-03T14:35:58.831+0600] [glassfish 5.0] [INFO] [] [javax.enterprise.system.core] [tid: _ThreadID=43 _ThreadName=admin-listener(1)] [timeMillis: 1620030958831] [levelValue: 800] [[
  FoodHeaven-1.0-SNAPSHOT was successfully deployed in 183 milliseconds.]]

[2021-05-03T14:36:34.399+0600] [glassfish 5.0] [WARNING] [] [javax.enterprise.web.util] [tid: _ThreadID=46 _ThreadName=admin-listener(4)] [timeMillis: 1620030994399] [levelValue: 900] [[
  The web application [/FoodHeaven-1.0-SNAPSHOT] registered the JDBC driver [com.mysql.jdbc.Driver] but failed to unregister it when the web application was stopped. To prevent a memory leak, the JDBC Driver has been forcibly unregistered.]]

[2021-05-03T14:36:34.457+0600] [glassfish 5.0] [INFO] [] [javax.enterprise.system.tools.deployment.common] [tid: _ThreadID=46 _ThreadName=admin-listener(4)] [timeMillis: 1620030994457] [levelValue: 800] [[
  visiting unvisited references]]

[2021-05-03T14:36:34.492+0600] [glassfish 5.0] [INFO] [] [javax.enterprise.system.tools.deployment.common] [tid: _ThreadID=46 _ThreadName=admin-listener(4)] [timeMillis: 1620030994492] [levelValue: 800] [[
  visiting unvisited references]]

[2021-05-03T14:36:34.527+0600] [glassfish 5.0] [INFO] [] [javax.enterprise.system.tools.deployment.common] [tid: _ThreadID=46 _ThreadName=admin-listener(4)] [timeMillis: 1620030994527] [levelValue: 800] [[
  visiting unvisited references]]

[2021-05-03T14:36:34.528+0600] [glassfish 5.0] [INFO] [] [javax.enterprise.system.tools.deployment.common] [tid: _ThreadID=46 _ThreadName=admin-listener(4)] [timeMillis: 1620030994528] [levelValue: 800] [[
  visiting unvisited references]]

[2021-05-03T14:36:34.586+0600] [glassfish 5.0] [INFO] [AS-WEB-GLUE-00172] [javax.enterprise.web] [tid: _ThreadID=46 _ThreadName=admin-listener(4)] [timeMillis: 1620030994586] [levelValue: 800] [[
  Loading application [FoodHeaven-1.0-SNAPSHOT] at [/FoodHeaven-1.0-SNAPSHOT]]]

[2021-05-03T14:36:34.591+0600] [glassfish 5.0] [INFO] [] [javax.enterprise.system.core] [tid: _ThreadID=46 _ThreadName=admin-listener(4)] [timeMillis: 1620030994591] [levelValue: 800] [[
  FoodHeaven-1.0-SNAPSHOT was successfully deployed in 209 milliseconds.]]

[2021-05-03T14:38:35.736+0600] [glassfish 5.0] [WARNING] [] [javax.enterprise.web.util] [tid: _ThreadID=45 _ThreadName=admin-listener(3)] [timeMillis: 1620031115736] [levelValue: 900] [[
  The web application [/FoodHeaven-1.0-SNAPSHOT] registered the JDBC driver [com.mysql.jdbc.Driver] but failed to unregister it when the web application was stopped. To prevent a memory leak, the JDBC Driver has been forcibly unregistered.]]

[2021-05-03T14:38:35.791+0600] [glassfish 5.0] [INFO] [] [javax.enterprise.system.tools.deployment.common] [tid: _ThreadID=45 _ThreadName=admin-listener(3)] [timeMillis: 1620031115791] [levelValue: 800] [[
  visiting unvisited references]]

[2021-05-03T14:38:35.816+0600] [glassfish 5.0] [INFO] [] [javax.enterprise.system.tools.deployment.common] [tid: _ThreadID=45 _ThreadName=admin-listener(3)] [timeMillis: 1620031115816] [levelValue: 800] [[
  visiting unvisited references]]

[2021-05-03T14:38:35.832+0600] [glassfish 5.0] [INFO] [] [javax.enterprise.system.tools.deployment.common] [tid: _ThreadID=45 _ThreadName=admin-listener(3)] [timeMillis: 1620031115832] [levelValue: 800] [[
  visiting unvisited references]]

[2021-05-03T14:38:35.832+0600] [glassfish 5.0] [INFO] [] [javax.enterprise.system.tools.deployment.common] [tid: _ThreadID=45 _ThreadName=admin-listener(3)] [timeMillis: 1620031115832] [levelValue: 800] [[
  visiting unvisited references]]

[2021-05-03T14:38:35.892+0600] [glassfish 5.0] [INFO] [AS-WEB-GLUE-00172] [javax.enterprise.web] [tid: _ThreadID=45 _ThreadName=admin-listener(3)] [timeMillis: 1620031115892] [levelValue: 800] [[
  Loading application [FoodHeaven-1.0-SNAPSHOT] at [/FoodHeaven-1.0-SNAPSHOT]]]

[2021-05-03T14:38:35.898+0600] [glassfish 5.0] [INFO] [] [javax.enterprise.system.core] [tid: _ThreadID=45 _ThreadName=admin-listener(3)] [timeMillis: 1620031115898] [levelValue: 800] [[
  FoodHeaven-1.0-SNAPSHOT was successfully deployed in 176 milliseconds.]]

[2021-05-03T14:40:21.235+0600] [glassfish 5.0] [WARNING] [] [javax.enterprise.web.util] [tid: _ThreadID=47 _ThreadName=admin-listener(5)] [timeMillis: 1620031221235] [levelValue: 900] [[
  The web application [/FoodHeaven-1.0-SNAPSHOT] registered the JDBC driver [com.mysql.jdbc.Driver] but failed to unregister it when the web application was stopped. To prevent a memory leak, the JDBC Driver has been forcibly unregistered.]]

[2021-05-03T14:40:21.290+0600] [glassfish 5.0] [INFO] [] [javax.enterprise.system.tools.deployment.common] [tid: _ThreadID=47 _ThreadName=admin-listener(5)] [timeMillis: 1620031221290] [levelValue: 800] [[
  visiting unvisited references]]

[2021-05-03T14:40:21.312+0600] [glassfish 5.0] [INFO] [] [javax.enterprise.system.tools.deployment.common] [tid: _ThreadID=47 _ThreadName=admin-listener(5)] [timeMillis: 1620031221312] [levelValue: 800] [[
  visiting unvisited references]]

[2021-05-03T14:40:21.326+0600] [glassfish 5.0] [INFO] [] [javax.enterprise.system.tools.deployment.common] [tid: _ThreadID=47 _ThreadName=admin-listener(5)] [timeMillis: 1620031221326] [levelValue: 800] [[
  visiting unvisited references]]

[2021-05-03T14:40:21.326+0600] [glassfish 5.0] [INFO] [] [javax.enterprise.system.tools.deployment.common] [tid: _ThreadID=47 _ThreadName=admin-listener(5)] [timeMillis: 1620031221326] [levelValue: 800] [[
  visiting unvisited references]]

[2021-05-03T14:40:21.376+0600] [glassfish 5.0] [INFO] [AS-WEB-GLUE-00172] [javax.enterprise.web] [tid: _ThreadID=47 _ThreadName=admin-listener(5)] [timeMillis: 1620031221376] [levelValue: 800] [[
  Loading application [FoodHeaven-1.0-SNAPSHOT] at [/FoodHeaven-1.0-SNAPSHOT]]]

[2021-05-03T14:40:21.381+0600] [glassfish 5.0] [INFO] [] [javax.enterprise.system.core] [tid: _ThreadID=47 _ThreadName=admin-listener(5)] [timeMillis: 1620031221381] [levelValue: 800] [[
  FoodHeaven-1.0-SNAPSHOT was successfully deployed in 161 milliseconds.]]

[2021-05-03T14:48:05.816+0600] [glassfish 5.0] [SEVERE] [] [org.apache.jasper.compiler.Compiler] [tid: _ThreadID=29 _ThreadName=http-listener-1(1)] [timeMillis: 1620031685816] [levelValue: 1000] [[
  Error compiling file: E:\Java projects\FoodHeaven\Glassfish\glassfish\domains\domain1\generated\jsp\FoodHeaven-1.0-SNAPSHOT\org\apache\jsp\admin\dashboard\index_jsp.java]]

[2021-05-03T14:48:05.817+0600] [glassfish 5.0] [WARNING] [] [javax.enterprise.web] [tid: _ThreadID=29 _ThreadName=http-listener-1(1)] [timeMillis: 1620031685817] [levelValue: 900] [[
  StandardWrapperValve[jsp]: Servlet.service() for servlet jsp threw exception
org.apache.jasper.JasperException: PWC6033: Error in Javac compilation for JSP

PWC6199: Generated servlet error:
source value 1.5 is obsolete and will be removed in a future release

PWC6199: Generated servlet error:
target value 1.5 is obsolete and will be removed in a future release

PWC6199: Generated servlet error:
To suppress warnings about obsolete options, use -Xlint:-options.

PWC6197: An error occurred at line: 154 in the jsp file: /admin/dashboard/index.jsp
PWC6199: Generated servlet error:
cannot find symbol
  symbol:   variable rsFood
  location: class org.apache.jsp.admin.dashboard.index_jsp

PWC6197: An error occurred at line: 161 in the jsp file: /admin/dashboard/index.jsp
PWC6199: Generated servlet error:
cannot find symbol
  symbol:   variable rsFood
  location: class org.apache.jsp.admin.dashboard.index_jsp

PWC6197: An error occurred at line: 162 in the jsp file: /admin/dashboard/index.jsp
PWC6199: Generated servlet error:
cannot find symbol
  symbol:   variable rsFood
  location: class org.apache.jsp.admin.dashboard.index_jsp

PWC6197: An error occurred at line: 163 in the jsp file: /admin/dashboard/index.jsp
PWC6199: Generated servlet error:
cannot find symbol
  symbol:   variable rsFood
  location: class org.apache.jsp.admin.dashboard.index_jsp


	at org.apache.jasper.compiler.DefaultErrorHandler.javacError(DefaultErrorHandler.java:129)
	at org.apache.jasper.compiler.ErrorDispatcher.javacError(ErrorDispatcher.java:299)
	at org.apache.jasper.compiler.Compiler.generateClass(Compiler.java:392)
	at org.apache.jasper.compiler.Compiler.compile(Compiler.java:453)
	at org.apache.jasper.JspCompilationContext.compile(JspCompilationContext.java:625)
	at org.apache.jasper.servlet.JspServletWrapper.service(JspServletWrapper.java:375)
	at org.apache.jasper.servlet.JspServlet.serviceJspFile(JspServlet.java:473)
	at org.apache.jasper.servlet.JspServlet.service(JspServlet.java:377)
	at javax.servlet.http.HttpServlet.service(HttpServlet.java:791)
	at org.apache.catalina.core.StandardWrapper.service(StandardWrapper.java:1580)
	at org.apache.catalina.core.StandardWrapperValve.invoke(StandardWrapperValve.java:258)
	at org.apache.catalina.core.StandardContextValve.invoke(StandardContextValve.java:160)
	at org.apache.catalina.core.StandardPipeline.doInvoke(StandardPipeline.java:652)
	at org.apache.catalina.core.StandardPipeline.invoke(StandardPipeline.java:591)
	at com.sun.enterprise.web.WebPipeline.invoke(WebPipeline.java:99)
	at org.apache.catalina.core.StandardHostValve.invoke(StandardHostValve.java:155)
	at org.apache.catalina.connector.CoyoteAdapter.doService(CoyoteAdapter.java:371)
	at org.apache.catalina.connector.CoyoteAdapter.service(CoyoteAdapter.java:238)
	at com.sun.enterprise.v3.services.impl.ContainerMapper$HttpHandlerCallable.call(ContainerMapper.java:463)
	at com.sun.enterprise.v3.services.impl.ContainerMapper.service(ContainerMapper.java:168)
	at org.glassfish.grizzly.http.server.HttpHandler.runService(HttpHandler.java:206)
	at org.glassfish.grizzly.http.server.HttpHandler.doHandle(HttpHandler.java:180)
	at org.glassfish.grizzly.http.server.HttpServerFilter.handleRead(HttpServerFilter.java:242)
	at org.glassfish.grizzly.filterchain.ExecutorResolver$9.execute(ExecutorResolver.java:119)
	at org.glassfish.grizzly.filterchain.DefaultFilterChain.executeFilter(DefaultFilterChain.java:284)
	at org.glassfish.grizzly.filterchain.DefaultFilterChain.executeChainPart(DefaultFilterChain.java:201)
	at org.glassfish.grizzly.filterchain.DefaultFilterChain.execute(DefaultFilterChain.java:133)
	at org.glassfish.grizzly.filterchain.DefaultFilterChain.process(DefaultFilterChain.java:112)
	at org.glassfish.grizzly.ProcessorExecutor.execute(ProcessorExecutor.java:77)
	at org.glassfish.grizzly.nio.transport.TCPNIOTransport.fireIOEvent(TCPNIOTransport.java:539)
	at org.glassfish.grizzly.strategies.AbstractIOStrategy.fireIOEvent(AbstractIOStrategy.java:112)
	at org.glassfish.grizzly.strategies.WorkerThreadIOStrategy.run0(WorkerThreadIOStrategy.java:117)
	at org.glassfish.grizzly.strategies.WorkerThreadIOStrategy.access$100(WorkerThreadIOStrategy.java:56)
	at org.glassfish.grizzly.strategies.WorkerThreadIOStrategy$WorkerThreadRunnable.run(WorkerThreadIOStrategy.java:137)
	at org.glassfish.grizzly.threadpool.AbstractThreadPool$Worker.doWork(AbstractThreadPool.java:593)
	at org.glassfish.grizzly.threadpool.AbstractThreadPool$Worker.run(AbstractThreadPool.java:573)
	at java.lang.Thread.run(Thread.java:748)
]]

[2021-05-03T14:48:11.189+0600] [glassfish 5.0] [SEVERE] [] [org.apache.jasper.compiler.Compiler] [tid: _ThreadID=30 _ThreadName=http-listener-1(2)] [timeMillis: 1620031691189] [levelValue: 1000] [[
  Error compiling file: E:\Java projects\FoodHeaven\Glassfish\glassfish\domains\domain1\generated\jsp\FoodHeaven-1.0-SNAPSHOT\org\apache\jsp\admin\dashboard\index_jsp.java]]

[2021-05-03T14:48:11.190+0600] [glassfish 5.0] [WARNING] [] [javax.enterprise.web] [tid: _ThreadID=30 _ThreadName=http-listener-1(2)] [timeMillis: 1620031691190] [levelValue: 900] [[
  StandardWrapperValve[jsp]: Servlet.service() for servlet jsp threw exception
org.apache.jasper.JasperException: PWC6033: Error in Javac compilation for JSP

PWC6199: Generated servlet error:
source value 1.5 is obsolete and will be removed in a future release

PWC6199: Generated servlet error:
target value 1.5 is obsolete and will be removed in a future release

PWC6199: Generated servlet error:
To suppress warnings about obsolete options, use -Xlint:-options.

PWC6197: An error occurred at line: 154 in the jsp file: /admin/dashboard/index.jsp
PWC6199: Generated servlet error:
cannot find symbol
  symbol:   variable rsFood
  location: class org.apache.jsp.admin.dashboard.index_jsp

PWC6197: An error occurred at line: 161 in the jsp file: /admin/dashboard/index.jsp
PWC6199: Generated servlet error:
cannot find symbol
  symbol:   variable rsFood
  location: class org.apache.jsp.admin.dashboard.index_jsp

PWC6197: An error occurred at line: 162 in the jsp file: /admin/dashboard/index.jsp
PWC6199: Generated servlet error:
cannot find symbol
  symbol:   variable rsFood
  location: class org.apache.jsp.admin.dashboard.index_jsp

PWC6197: An error occurred at line: 163 in the jsp file: /admin/dashboard/index.jsp
PWC6199: Generated servlet error:
cannot find symbol
  symbol:   variable rsFood
  location: class org.apache.jsp.admin.dashboard.index_jsp


	at org.apache.jasper.compiler.DefaultErrorHandler.javacError(DefaultErrorHandler.java:129)
	at org.apache.jasper.compiler.ErrorDispatcher.javacError(ErrorDispatcher.java:299)
	at org.apache.jasper.compiler.Compiler.generateClass(Compiler.java:392)
	at org.apache.jasper.compiler.Compiler.compile(Compiler.java:453)
	at org.apache.jasper.JspCompilationContext.compile(JspCompilationContext.java:625)
	at org.apache.jasper.servlet.JspServletWrapper.service(JspServletWrapper.java:375)
	at org.apache.jasper.servlet.JspServlet.serviceJspFile(JspServlet.java:473)
	at org.apache.jasper.servlet.JspServlet.service(JspServlet.java:377)
	at javax.servlet.http.HttpServlet.service(HttpServlet.java:791)
	at org.apache.catalina.core.StandardWrapper.service(StandardWrapper.java:1580)
	at org.apache.catalina.core.StandardWrapperValve.invoke(StandardWrapperValve.java:258)
	at org.apache.catalina.core.StandardContextValve.invoke(StandardContextValve.java:160)
	at org.apache.catalina.core.StandardPipeline.doInvoke(StandardPipeline.java:652)
	at org.apache.catalina.core.StandardPipeline.invoke(StandardPipeline.java:591)
	at com.sun.enterprise.web.WebPipeline.invoke(WebPipeline.java:99)
	at org.apache.catalina.core.StandardHostValve.invoke(StandardHostValve.java:155)
	at org.apache.catalina.connector.CoyoteAdapter.doService(CoyoteAdapter.java:371)
	at org.apache.catalina.connector.CoyoteAdapter.service(CoyoteAdapter.java:238)
	at com.sun.enterprise.v3.services.impl.ContainerMapper$HttpHandlerCallable.call(ContainerMapper.java:463)
	at com.sun.enterprise.v3.services.impl.ContainerMapper.service(ContainerMapper.java:168)
	at org.glassfish.grizzly.http.server.HttpHandler.runService(HttpHandler.java:206)
	at org.glassfish.grizzly.http.server.HttpHandler.doHandle(HttpHandler.java:180)
	at org.glassfish.grizzly.http.server.HttpServerFilter.handleRead(HttpServerFilter.java:242)
	at org.glassfish.grizzly.filterchain.ExecutorResolver$9.execute(ExecutorResolver.java:119)
	at org.glassfish.grizzly.filterchain.DefaultFilterChain.executeFilter(DefaultFilterChain.java:284)
	at org.glassfish.grizzly.filterchain.DefaultFilterChain.executeChainPart(DefaultFilterChain.java:201)
	at org.glassfish.grizzly.filterchain.DefaultFilterChain.execute(DefaultFilterChain.java:133)
	at org.glassfish.grizzly.filterchain.DefaultFilterChain.process(DefaultFilterChain.java:112)
	at org.glassfish.grizzly.ProcessorExecutor.execute(ProcessorExecutor.java:77)
	at org.glassfish.grizzly.nio.transport.TCPNIOTransport.fireIOEvent(TCPNIOTransport.java:539)
	at org.glassfish.grizzly.strategies.AbstractIOStrategy.fireIOEvent(AbstractIOStrategy.java:112)
	at org.glassfish.grizzly.strategies.WorkerThreadIOStrategy.run0(WorkerThreadIOStrategy.java:117)
	at org.glassfish.grizzly.strategies.WorkerThreadIOStrategy.access$100(WorkerThreadIOStrategy.java:56)
	at org.glassfish.grizzly.strategies.WorkerThreadIOStrategy$WorkerThreadRunnable.run(WorkerThreadIOStrategy.java:137)
	at org.glassfish.grizzly.threadpool.AbstractThreadPool$Worker.doWork(AbstractThreadPool.java:593)
	at org.glassfish.grizzly.threadpool.AbstractThreadPool$Worker.run(AbstractThreadPool.java:573)
	at java.lang.Thread.run(Thread.java:748)
]]

[2021-05-03T14:56:21.432+0600] [glassfish 5.0] [WARNING] [] [javax.enterprise.web] [tid: _ThreadID=30 _ThreadName=http-listener-1(2)] [timeMillis: 1620032181432] [levelValue: 900] [[
  StandardWrapperValve[jsp]: Servlet.service() for servlet jsp threw exception
java.sql.SQLException: Before start of result set
	at com.mysql.jdbc.SQLError.createSQLException(SQLError.java:965)
	at com.mysql.jdbc.SQLError.createSQLException(SQLError.java:898)
	at com.mysql.jdbc.SQLError.createSQLException(SQLError.java:887)
	at com.mysql.jdbc.SQLError.createSQLException(SQLError.java:861)
	at com.mysql.jdbc.ResultSetImpl.checkRowPos(ResultSetImpl.java:780)
	at com.mysql.jdbc.ResultSetImpl.getStringInternal(ResultSetImpl.java:5204)
	at com.mysql.jdbc.ResultSetImpl.getString(ResultSetImpl.java:5127)
	at com.mysql.jdbc.ResultSetImpl.getString(ResultSetImpl.java:5166)
	at org.apache.jsp.admin.dashboard.index_jsp._jspService(index_jsp.java:183)
	at org.apache.jasper.runtime.HttpJspBase.service(HttpJspBase.java:111)
	at javax.servlet.http.HttpServlet.service(HttpServlet.java:791)
	at org.apache.jasper.servlet.JspServletWrapper.service(JspServletWrapper.java:411)
	at org.apache.jasper.servlet.JspServlet.serviceJspFile(JspServlet.java:473)
	at org.apache.jasper.servlet.JspServlet.service(JspServlet.java:377)
	at javax.servlet.http.HttpServlet.service(HttpServlet.java:791)
	at org.apache.catalina.core.StandardWrapper.service(StandardWrapper.java:1580)
	at org.apache.catalina.core.StandardWrapperValve.invoke(StandardWrapperValve.java:258)
	at org.apache.catalina.core.StandardContextValve.invoke(StandardContextValve.java:160)
	at org.apache.catalina.core.StandardPipeline.doInvoke(StandardPipeline.java:652)
	at org.apache.catalina.core.StandardPipeline.invoke(StandardPipeline.java:591)
	at com.sun.enterprise.web.WebPipeline.invoke(WebPipeline.java:99)
	at org.apache.catalina.core.StandardHostValve.invoke(StandardHostValve.java:155)
	at org.apache.catalina.connector.CoyoteAdapter.doService(CoyoteAdapter.java:371)
	at org.apache.catalina.connector.CoyoteAdapter.service(CoyoteAdapter.java:238)
	at com.sun.enterprise.v3.services.impl.ContainerMapper$HttpHandlerCallable.call(ContainerMapper.java:463)
	at com.sun.enterprise.v3.services.impl.ContainerMapper.service(ContainerMapper.java:168)
	at org.glassfish.grizzly.http.server.HttpHandler.runService(HttpHandler.java:206)
	at org.glassfish.grizzly.http.server.HttpHandler.doHandle(HttpHandler.java:180)
	at org.glassfish.grizzly.http.server.HttpServerFilter.handleRead(HttpServerFilter.java:242)
	at org.glassfish.grizzly.filterchain.ExecutorResolver$9.execute(ExecutorResolver.java:119)
	at org.glassfish.grizzly.filterchain.DefaultFilterChain.executeFilter(DefaultFilterChain.java:284)
	at org.glassfish.grizzly.filterchain.DefaultFilterChain.executeChainPart(DefaultFilterChain.java:201)
	at org.glassfish.grizzly.filterchain.DefaultFilterChain.execute(DefaultFilterChain.java:133)
	at org.glassfish.grizzly.filterchain.DefaultFilterChain.process(DefaultFilterChain.java:112)
	at org.glassfish.grizzly.ProcessorExecutor.execute(ProcessorExecutor.java:77)
	at org.glassfish.grizzly.nio.transport.TCPNIOTransport.fireIOEvent(TCPNIOTransport.java:539)
	at org.glassfish.grizzly.strategies.AbstractIOStrategy.fireIOEvent(AbstractIOStrategy.java:112)
	at org.glassfish.grizzly.strategies.WorkerThreadIOStrategy.run0(WorkerThreadIOStrategy.java:117)
	at org.glassfish.grizzly.strategies.WorkerThreadIOStrategy.access$100(WorkerThreadIOStrategy.java:56)
	at org.glassfish.grizzly.strategies.WorkerThreadIOStrategy$WorkerThreadRunnable.run(WorkerThreadIOStrategy.java:137)
	at org.glassfish.grizzly.threadpool.AbstractThreadPool$Worker.doWork(AbstractThreadPool.java:593)
	at org.glassfish.grizzly.threadpool.AbstractThreadPool$Worker.run(AbstractThreadPool.java:573)
	at java.lang.Thread.run(Thread.java:748)
]]

[2021-05-03T14:56:23.341+0600] [glassfish 5.0] [WARNING] [] [javax.enterprise.web] [tid: _ThreadID=32 _ThreadName=http-listener-1(4)] [timeMillis: 1620032183341] [levelValue: 900] [[
  StandardWrapperValve[jsp]: Servlet.service() for servlet jsp threw exception
java.sql.SQLException: Before start of result set
	at com.mysql.jdbc.SQLError.createSQLException(SQLError.java:965)
	at com.mysql.jdbc.SQLError.createSQLException(SQLError.java:898)
	at com.mysql.jdbc.SQLError.createSQLException(SQLError.java:887)
	at com.mysql.jdbc.SQLError.createSQLException(SQLError.java:861)
	at com.mysql.jdbc.ResultSetImpl.checkRowPos(ResultSetImpl.java:780)
	at com.mysql.jdbc.ResultSetImpl.getStringInternal(ResultSetImpl.java:5204)
	at com.mysql.jdbc.ResultSetImpl.getString(ResultSetImpl.java:5127)
	at com.mysql.jdbc.ResultSetImpl.getString(ResultSetImpl.java:5166)
	at org.apache.jsp.admin.dashboard.index_jsp._jspService(index_jsp.java:183)
	at org.apache.jasper.runtime.HttpJspBase.service(HttpJspBase.java:111)
	at javax.servlet.http.HttpServlet.service(HttpServlet.java:791)
	at org.apache.jasper.servlet.JspServletWrapper.service(JspServletWrapper.java:411)
	at org.apache.jasper.servlet.JspServlet.serviceJspFile(JspServlet.java:473)
	at org.apache.jasper.servlet.JspServlet.service(JspServlet.java:377)
	at javax.servlet.http.HttpServlet.service(HttpServlet.java:791)
	at org.apache.catalina.core.StandardWrapper.service(StandardWrapper.java:1580)
	at org.apache.catalina.core.StandardWrapperValve.invoke(StandardWrapperValve.java:258)
	at org.apache.catalina.core.StandardContextValve.invoke(StandardContextValve.java:160)
	at org.apache.catalina.core.StandardPipeline.doInvoke(StandardPipeline.java:652)
	at org.apache.catalina.core.StandardPipeline.invoke(StandardPipeline.java:591)
	at com.sun.enterprise.web.WebPipeline.invoke(WebPipeline.java:99)
	at org.apache.catalina.core.StandardHostValve.invoke(StandardHostValve.java:155)
	at org.apache.catalina.connector.CoyoteAdapter.doService(CoyoteAdapter.java:371)
	at org.apache.catalina.connector.CoyoteAdapter.service(CoyoteAdapter.java:238)
	at com.sun.enterprise.v3.services.impl.ContainerMapper$HttpHandlerCallable.call(ContainerMapper.java:463)
	at com.sun.enterprise.v3.services.impl.ContainerMapper.service(ContainerMapper.java:168)
	at org.glassfish.grizzly.http.server.HttpHandler.runService(HttpHandler.java:206)
	at org.glassfish.grizzly.http.server.HttpHandler.doHandle(HttpHandler.java:180)
	at org.glassfish.grizzly.http.server.HttpServerFilter.handleRead(HttpServerFilter.java:242)
	at org.glassfish.grizzly.filterchain.ExecutorResolver$9.execute(ExecutorResolver.java:119)
	at org.glassfish.grizzly.filterchain.DefaultFilterChain.executeFilter(DefaultFilterChain.java:284)
	at org.glassfish.grizzly.filterchain.DefaultFilterChain.executeChainPart(DefaultFilterChain.java:201)
	at org.glassfish.grizzly.filterchain.DefaultFilterChain.execute(DefaultFilterChain.java:133)
	at org.glassfish.grizzly.filterchain.DefaultFilterChain.process(DefaultFilterChain.java:112)
	at org.glassfish.grizzly.ProcessorExecutor.execute(ProcessorExecutor.java:77)
	at org.glassfish.grizzly.nio.transport.TCPNIOTransport.fireIOEvent(TCPNIOTransport.java:539)
	at org.glassfish.grizzly.strategies.AbstractIOStrategy.fireIOEvent(AbstractIOStrategy.java:112)
	at org.glassfish.grizzly.strategies.WorkerThreadIOStrategy.run0(WorkerThreadIOStrategy.java:117)
	at org.glassfish.grizzly.strategies.WorkerThreadIOStrategy.access$100(WorkerThreadIOStrategy.java:56)
	at org.glassfish.grizzly.strategies.WorkerThreadIOStrategy$WorkerThreadRunnable.run(WorkerThreadIOStrategy.java:137)
	at org.glassfish.grizzly.threadpool.AbstractThreadPool$Worker.doWork(AbstractThreadPool.java:593)
	at org.glassfish.grizzly.threadpool.AbstractThreadPool$Worker.run(AbstractThreadPool.java:573)
	at java.lang.Thread.run(Thread.java:748)
]]

[2021-05-03T14:57:38.796+0600] [glassfish 5.0] [WARNING] [] [javax.enterprise.web] [tid: _ThreadID=31 _ThreadName=http-listener-1(3)] [timeMillis: 1620032258796] [levelValue: 900] [[
  StandardWrapperValve[jsp]: Servlet.service() for servlet jsp threw exception
java.sql.SQLException: Before start of result set
	at com.mysql.jdbc.SQLError.createSQLException(SQLError.java:965)
	at com.mysql.jdbc.SQLError.createSQLException(SQLError.java:898)
	at com.mysql.jdbc.SQLError.createSQLException(SQLError.java:887)
	at com.mysql.jdbc.SQLError.createSQLException(SQLError.java:861)
	at com.mysql.jdbc.ResultSetImpl.checkRowPos(ResultSetImpl.java:780)
	at com.mysql.jdbc.ResultSetImpl.getStringInternal(ResultSetImpl.java:5204)
	at com.mysql.jdbc.ResultSetImpl.getString(ResultSetImpl.java:5127)
	at com.mysql.jdbc.ResultSetImpl.getString(ResultSetImpl.java:5166)
	at org.apache.jsp.admin.dashboard.index_jsp._jspService(index_jsp.java:183)
	at org.apache.jasper.runtime.HttpJspBase.service(HttpJspBase.java:111)
	at javax.servlet.http.HttpServlet.service(HttpServlet.java:791)
	at org.apache.jasper.servlet.JspServletWrapper.service(JspServletWrapper.java:411)
	at org.apache.jasper.servlet.JspServlet.serviceJspFile(JspServlet.java:473)
	at org.apache.jasper.servlet.JspServlet.service(JspServlet.java:377)
	at javax.servlet.http.HttpServlet.service(HttpServlet.java:791)
	at org.apache.catalina.core.StandardWrapper.service(StandardWrapper.java:1580)
	at org.apache.catalina.core.StandardWrapperValve.invoke(StandardWrapperValve.java:258)
	at org.apache.catalina.core.StandardContextValve.invoke(StandardContextValve.java:160)
	at org.apache.catalina.core.StandardPipeline.doInvoke(StandardPipeline.java:652)
	at org.apache.catalina.core.StandardPipeline.invoke(StandardPipeline.java:591)
	at com.sun.enterprise.web.WebPipeline.invoke(WebPipeline.java:99)
	at org.apache.catalina.core.StandardHostValve.invoke(StandardHostValve.java:155)
	at org.apache.catalina.connector.CoyoteAdapter.doService(CoyoteAdapter.java:371)
	at org.apache.catalina.connector.CoyoteAdapter.service(CoyoteAdapter.java:238)
	at com.sun.enterprise.v3.services.impl.ContainerMapper$HttpHandlerCallable.call(ContainerMapper.java:463)
	at com.sun.enterprise.v3.services.impl.ContainerMapper.service(ContainerMapper.java:168)
	at org.glassfish.grizzly.http.server.HttpHandler.runService(HttpHandler.java:206)
	at org.glassfish.grizzly.http.server.HttpHandler.doHandle(HttpHandler.java:180)
	at org.glassfish.grizzly.http.server.HttpServerFilter.handleRead(HttpServerFilter.java:242)
	at org.glassfish.grizzly.filterchain.ExecutorResolver$9.execute(ExecutorResolver.java:119)
	at org.glassfish.grizzly.filterchain.DefaultFilterChain.executeFilter(DefaultFilterChain.java:284)
	at org.glassfish.grizzly.filterchain.DefaultFilterChain.executeChainPart(DefaultFilterChain.java:201)
	at org.glassfish.grizzly.filterchain.DefaultFilterChain.execute(DefaultFilterChain.java:133)
	at org.glassfish.grizzly.filterchain.DefaultFilterChain.process(DefaultFilterChain.java:112)
	at org.glassfish.grizzly.ProcessorExecutor.execute(ProcessorExecutor.java:77)
	at org.glassfish.grizzly.nio.transport.TCPNIOTransport.fireIOEvent(TCPNIOTransport.java:539)
	at org.glassfish.grizzly.strategies.AbstractIOStrategy.fireIOEvent(AbstractIOStrategy.java:112)
	at org.glassfish.grizzly.strategies.WorkerThreadIOStrategy.run0(WorkerThreadIOStrategy.java:117)
	at org.glassfish.grizzly.strategies.WorkerThreadIOStrategy.access$100(WorkerThreadIOStrategy.java:56)
	at org.glassfish.grizzly.strategies.WorkerThreadIOStrategy$WorkerThreadRunnable.run(WorkerThreadIOStrategy.java:137)
	at org.glassfish.grizzly.threadpool.AbstractThreadPool$Worker.doWork(AbstractThreadPool.java:593)
	at org.glassfish.grizzly.threadpool.AbstractThreadPool$Worker.run(AbstractThreadPool.java:573)
	at java.lang.Thread.run(Thread.java:748)
]]

[2021-05-03T15:04:01.490+0600] [glassfish 5.0] [SEVERE] [] [org.apache.jasper.compiler.Compiler] [tid: _ThreadID=30 _ThreadName=http-listener-1(2)] [timeMillis: 1620032641490] [levelValue: 1000] [[
  Error compiling file: E:\Java projects\FoodHeaven\Glassfish\glassfish\domains\domain1\generated\jsp\FoodHeaven-1.0-SNAPSHOT\org\apache\jsp\admin\dashboard\index_jsp.java]]

[2021-05-03T15:04:01.491+0600] [glassfish 5.0] [WARNING] [] [javax.enterprise.web] [tid: _ThreadID=30 _ThreadName=http-listener-1(2)] [timeMillis: 1620032641491] [levelValue: 900] [[
  StandardWrapperValve[jsp]: Servlet.service() for servlet jsp threw exception
org.apache.jasper.JasperException: PWC6033: Error in Javac compilation for JSP

PWC6199: Generated servlet error:
source value 1.5 is obsolete and will be removed in a future release

PWC6199: Generated servlet error:
target value 1.5 is obsolete and will be removed in a future release

PWC6199: Generated servlet error:
To suppress warnings about obsolete options, use -Xlint:-options.

PWC6197: An error occurred at line: 138 in the jsp file: /admin/dashboard/index.jsp
PWC6199: Generated servlet error:
<identifier> expected


	at org.apache.jasper.compiler.DefaultErrorHandler.javacError(DefaultErrorHandler.java:129)
	at org.apache.jasper.compiler.ErrorDispatcher.javacError(ErrorDispatcher.java:299)
	at org.apache.jasper.compiler.Compiler.generateClass(Compiler.java:392)
	at org.apache.jasper.compiler.Compiler.compile(Compiler.java:453)
	at org.apache.jasper.JspCompilationContext.compile(JspCompilationContext.java:625)
	at org.apache.jasper.servlet.JspServletWrapper.service(JspServletWrapper.java:375)
	at org.apache.jasper.servlet.JspServlet.serviceJspFile(JspServlet.java:473)
	at org.apache.jasper.servlet.JspServlet.service(JspServlet.java:377)
	at javax.servlet.http.HttpServlet.service(HttpServlet.java:791)
	at org.apache.catalina.core.StandardWrapper.service(StandardWrapper.java:1580)
	at org.apache.catalina.core.StandardWrapperValve.invoke(StandardWrapperValve.java:258)
	at org.apache.catalina.core.StandardContextValve.invoke(StandardContextValve.java:160)
	at org.apache.catalina.core.StandardPipeline.doInvoke(StandardPipeline.java:652)
	at org.apache.catalina.core.StandardPipeline.invoke(StandardPipeline.java:591)
	at com.sun.enterprise.web.WebPipeline.invoke(WebPipeline.java:99)
	at org.apache.catalina.core.StandardHostValve.invoke(StandardHostValve.java:155)
	at org.apache.catalina.connector.CoyoteAdapter.doService(CoyoteAdapter.java:371)
	at org.apache.catalina.connector.CoyoteAdapter.service(CoyoteAdapter.java:238)
	at com.sun.enterprise.v3.services.impl.ContainerMapper$HttpHandlerCallable.call(ContainerMapper.java:463)
	at com.sun.enterprise.v3.services.impl.ContainerMapper.service(ContainerMapper.java:168)
	at org.glassfish.grizzly.http.server.HttpHandler.runService(HttpHandler.java:206)
	at org.glassfish.grizzly.http.server.HttpHandler.doHandle(HttpHandler.java:180)
	at org.glassfish.grizzly.http.server.HttpServerFilter.handleRead(HttpServerFilter.java:242)
	at org.glassfish.grizzly.filterchain.ExecutorResolver$9.execute(ExecutorResolver.java:119)
	at org.glassfish.grizzly.filterchain.DefaultFilterChain.executeFilter(DefaultFilterChain.java:284)
	at org.glassfish.grizzly.filterchain.DefaultFilterChain.executeChainPart(DefaultFilterChain.java:201)
	at org.glassfish.grizzly.filterchain.DefaultFilterChain.execute(DefaultFilterChain.java:133)
	at org.glassfish.grizzly.filterchain.DefaultFilterChain.process(DefaultFilterChain.java:112)
	at org.glassfish.grizzly.ProcessorExecutor.execute(ProcessorExecutor.java:77)
	at org.glassfish.grizzly.nio.transport.TCPNIOTransport.fireIOEvent(TCPNIOTransport.java:539)
	at org.glassfish.grizzly.strategies.AbstractIOStrategy.fireIOEvent(AbstractIOStrategy.java:112)
	at org.glassfish.grizzly.strategies.WorkerThreadIOStrategy.run0(WorkerThreadIOStrategy.java:117)
	at org.glassfish.grizzly.strategies.WorkerThreadIOStrategy.access$100(WorkerThreadIOStrategy.java:56)
	at org.glassfish.grizzly.strategies.WorkerThreadIOStrategy$WorkerThreadRunnable.run(WorkerThreadIOStrategy.java:137)
	at org.glassfish.grizzly.threadpool.AbstractThreadPool$Worker.doWork(AbstractThreadPool.java:593)
	at org.glassfish.grizzly.threadpool.AbstractThreadPool$Worker.run(AbstractThreadPool.java:573)
	at java.lang.Thread.run(Thread.java:748)
]]

[2021-05-03T15:04:29.543+0600] [glassfish 5.0] [WARNING] [] [javax.enterprise.web] [tid: _ThreadID=33 _ThreadName=http-listener-1(5)] [timeMillis: 1620032669543] [levelValue: 900] [[
  StandardWrapperValve[jsp]: Servlet.service() for servlet jsp threw exception
java.sql.SQLException: Before start of result set
	at com.mysql.jdbc.SQLError.createSQLException(SQLError.java:965)
	at com.mysql.jdbc.SQLError.createSQLException(SQLError.java:898)
	at com.mysql.jdbc.SQLError.createSQLException(SQLError.java:887)
	at com.mysql.jdbc.SQLError.createSQLException(SQLError.java:861)
	at com.mysql.jdbc.ResultSetImpl.checkRowPos(ResultSetImpl.java:780)
	at com.mysql.jdbc.ResultSetImpl.getStringInternal(ResultSetImpl.java:5204)
	at com.mysql.jdbc.ResultSetImpl.getString(ResultSetImpl.java:5127)
	at com.mysql.jdbc.ResultSetImpl.getString(ResultSetImpl.java:5166)
	at org.apache.jsp.admin.dashboard.index_jsp._jspService(index_jsp.java:183)
	at org.apache.jasper.runtime.HttpJspBase.service(HttpJspBase.java:111)
	at javax.servlet.http.HttpServlet.service(HttpServlet.java:791)
	at org.apache.jasper.servlet.JspServletWrapper.service(JspServletWrapper.java:411)
	at org.apache.jasper.servlet.JspServlet.serviceJspFile(JspServlet.java:473)
	at org.apache.jasper.servlet.JspServlet.service(JspServlet.java:377)
	at javax.servlet.http.HttpServlet.service(HttpServlet.java:791)
	at org.apache.catalina.core.StandardWrapper.service(StandardWrapper.java:1580)
	at org.apache.catalina.core.StandardWrapperValve.invoke(StandardWrapperValve.java:258)
	at org.apache.catalina.core.StandardContextValve.invoke(StandardContextValve.java:160)
	at org.apache.catalina.core.StandardPipeline.doInvoke(StandardPipeline.java:652)
	at org.apache.catalina.core.StandardPipeline.invoke(StandardPipeline.java:591)
	at com.sun.enterprise.web.WebPipeline.invoke(WebPipeline.java:99)
	at org.apache.catalina.core.StandardHostValve.invoke(StandardHostValve.java:155)
	at org.apache.catalina.connector.CoyoteAdapter.doService(CoyoteAdapter.java:371)
	at org.apache.catalina.connector.CoyoteAdapter.service(CoyoteAdapter.java:238)
	at com.sun.enterprise.v3.services.impl.ContainerMapper$HttpHandlerCallable.call(ContainerMapper.java:463)
	at com.sun.enterprise.v3.services.impl.ContainerMapper.service(ContainerMapper.java:168)
	at org.glassfish.grizzly.http.server.HttpHandler.runService(HttpHandler.java:206)
	at org.glassfish.grizzly.http.server.HttpHandler.doHandle(HttpHandler.java:180)
	at org.glassfish.grizzly.http.server.HttpServerFilter.handleRead(HttpServerFilter.java:242)
	at org.glassfish.grizzly.filterchain.ExecutorResolver$9.execute(ExecutorResolver.java:119)
	at org.glassfish.grizzly.filterchain.DefaultFilterChain.executeFilter(DefaultFilterChain.java:284)
	at org.glassfish.grizzly.filterchain.DefaultFilterChain.executeChainPart(DefaultFilterChain.java:201)
	at org.glassfish.grizzly.filterchain.DefaultFilterChain.execute(DefaultFilterChain.java:133)
	at org.glassfish.grizzly.filterchain.DefaultFilterChain.process(DefaultFilterChain.java:112)
	at org.glassfish.grizzly.ProcessorExecutor.execute(ProcessorExecutor.java:77)
	at org.glassfish.grizzly.nio.transport.TCPNIOTransport.fireIOEvent(TCPNIOTransport.java:539)
	at org.glassfish.grizzly.strategies.AbstractIOStrategy.fireIOEvent(AbstractIOStrategy.java:112)
	at org.glassfish.grizzly.strategies.WorkerThreadIOStrategy.run0(WorkerThreadIOStrategy.java:117)
	at org.glassfish.grizzly.strategies.WorkerThreadIOStrategy.access$100(WorkerThreadIOStrategy.java:56)
	at org.glassfish.grizzly.strategies.WorkerThreadIOStrategy$WorkerThreadRunnable.run(WorkerThreadIOStrategy.java:137)
	at org.glassfish.grizzly.threadpool.AbstractThreadPool$Worker.doWork(AbstractThreadPool.java:593)
	at org.glassfish.grizzly.threadpool.AbstractThreadPool$Worker.run(AbstractThreadPool.java:573)
	at java.lang.Thread.run(Thread.java:748)
]]

[2021-05-03T15:04:35.378+0600] [glassfish 5.0] [WARNING] [] [javax.enterprise.web] [tid: _ThreadID=30 _ThreadName=http-listener-1(2)] [timeMillis: 1620032675378] [levelValue: 900] [[
  StandardWrapperValve[jsp]: Servlet.service() for servlet jsp threw exception
java.sql.SQLException: Before start of result set
	at com.mysql.jdbc.SQLError.createSQLException(SQLError.java:965)
	at com.mysql.jdbc.SQLError.createSQLException(SQLError.java:898)
	at com.mysql.jdbc.SQLError.createSQLException(SQLError.java:887)
	at com.mysql.jdbc.SQLError.createSQLException(SQLError.java:861)
	at com.mysql.jdbc.ResultSetImpl.checkRowPos(ResultSetImpl.java:780)
	at com.mysql.jdbc.ResultSetImpl.getInt(ResultSetImpl.java:2464)
	at com.mysql.jdbc.ResultSetImpl.getInt(ResultSetImpl.java:2559)
	at org.apache.jsp.admin.dashboard.index_jsp._jspService(index_jsp.java:183)
	at org.apache.jasper.runtime.HttpJspBase.service(HttpJspBase.java:111)
	at javax.servlet.http.HttpServlet.service(HttpServlet.java:791)
	at org.apache.jasper.servlet.JspServletWrapper.service(JspServletWrapper.java:411)
	at org.apache.jasper.servlet.JspServlet.serviceJspFile(JspServlet.java:473)
	at org.apache.jasper.servlet.JspServlet.service(JspServlet.java:377)
	at javax.servlet.http.HttpServlet.service(HttpServlet.java:791)
	at org.apache.catalina.core.StandardWrapper.service(StandardWrapper.java:1580)
	at org.apache.catalina.core.StandardWrapperValve.invoke(StandardWrapperValve.java:258)
	at org.apache.catalina.core.StandardContextValve.invoke(StandardContextValve.java:160)
	at org.apache.catalina.core.StandardPipeline.doInvoke(StandardPipeline.java:652)
	at org.apache.catalina.core.StandardPipeline.invoke(StandardPipeline.java:591)
	at com.sun.enterprise.web.WebPipeline.invoke(WebPipeline.java:99)
	at org.apache.catalina.core.StandardHostValve.invoke(StandardHostValve.java:155)
	at org.apache.catalina.connector.CoyoteAdapter.doService(CoyoteAdapter.java:371)
	at org.apache.catalina.connector.CoyoteAdapter.service(CoyoteAdapter.java:238)
	at com.sun.enterprise.v3.services.impl.ContainerMapper$HttpHandlerCallable.call(ContainerMapper.java:463)
	at com.sun.enterprise.v3.services.impl.ContainerMapper.service(ContainerMapper.java:168)
	at org.glassfish.grizzly.http.server.HttpHandler.runService(HttpHandler.java:206)
	at org.glassfish.grizzly.http.server.HttpHandler.doHandle(HttpHandler.java:180)
	at org.glassfish.grizzly.http.server.HttpServerFilter.handleRead(HttpServerFilter.java:242)
	at org.glassfish.grizzly.filterchain.ExecutorResolver$9.execute(ExecutorResolver.java:119)
	at org.glassfish.grizzly.filterchain.DefaultFilterChain.executeFilter(DefaultFilterChain.java:284)
	at org.glassfish.grizzly.filterchain.DefaultFilterChain.executeChainPart(DefaultFilterChain.java:201)
	at org.glassfish.grizzly.filterchain.DefaultFilterChain.execute(DefaultFilterChain.java:133)
	at org.glassfish.grizzly.filterchain.DefaultFilterChain.process(DefaultFilterChain.java:112)
	at org.glassfish.grizzly.ProcessorExecutor.execute(ProcessorExecutor.java:77)
	at org.glassfish.grizzly.nio.transport.TCPNIOTransport.fireIOEvent(TCPNIOTransport.java:539)
	at org.glassfish.grizzly.strategies.AbstractIOStrategy.fireIOEvent(AbstractIOStrategy.java:112)
	at org.glassfish.grizzly.strategies.WorkerThreadIOStrategy.run0(WorkerThreadIOStrategy.java:117)
	at org.glassfish.grizzly.strategies.WorkerThreadIOStrategy.access$100(WorkerThreadIOStrategy.java:56)
	at org.glassfish.grizzly.strategies.WorkerThreadIOStrategy$WorkerThreadRunnable.run(WorkerThreadIOStrategy.java:137)
	at org.glassfish.grizzly.threadpool.AbstractThreadPool$Worker.doWork(AbstractThreadPool.java:593)
	at org.glassfish.grizzly.threadpool.AbstractThreadPool$Worker.run(AbstractThreadPool.java:573)
	at java.lang.Thread.run(Thread.java:748)
]]

[2021-05-03T15:04:37.096+0600] [glassfish 5.0] [WARNING] [] [javax.enterprise.web] [tid: _ThreadID=32 _ThreadName=http-listener-1(4)] [timeMillis: 1620032677096] [levelValue: 900] [[
  StandardWrapperValve[jsp]: Servlet.service() for servlet jsp threw exception
java.sql.SQLException: Before start of result set
	at com.mysql.jdbc.SQLError.createSQLException(SQLError.java:965)
	at com.mysql.jdbc.SQLError.createSQLException(SQLError.java:898)
	at com.mysql.jdbc.SQLError.createSQLException(SQLError.java:887)
	at com.mysql.jdbc.SQLError.createSQLException(SQLError.java:861)
	at com.mysql.jdbc.ResultSetImpl.checkRowPos(ResultSetImpl.java:780)
	at com.mysql.jdbc.ResultSetImpl.getInt(ResultSetImpl.java:2464)
	at com.mysql.jdbc.ResultSetImpl.getInt(ResultSetImpl.java:2559)
	at org.apache.jsp.admin.dashboard.index_jsp._jspService(index_jsp.java:183)
	at org.apache.jasper.runtime.HttpJspBase.service(HttpJspBase.java:111)
	at javax.servlet.http.HttpServlet.service(HttpServlet.java:791)
	at org.apache.jasper.servlet.JspServletWrapper.service(JspServletWrapper.java:411)
	at org.apache.jasper.servlet.JspServlet.serviceJspFile(JspServlet.java:473)
	at org.apache.jasper.servlet.JspServlet.service(JspServlet.java:377)
	at javax.servlet.http.HttpServlet.service(HttpServlet.java:791)
	at org.apache.catalina.core.StandardWrapper.service(StandardWrapper.java:1580)
	at org.apache.catalina.core.StandardWrapperValve.invoke(StandardWrapperValve.java:258)
	at org.apache.catalina.core.StandardContextValve.invoke(StandardContextValve.java:160)
	at org.apache.catalina.core.StandardPipeline.doInvoke(StandardPipeline.java:652)
	at org.apache.catalina.core.StandardPipeline.invoke(StandardPipeline.java:591)
	at com.sun.enterprise.web.WebPipeline.invoke(WebPipeline.java:99)
	at org.apache.catalina.core.StandardHostValve.invoke(StandardHostValve.java:155)
	at org.apache.catalina.connector.CoyoteAdapter.doService(CoyoteAdapter.java:371)
	at org.apache.catalina.connector.CoyoteAdapter.service(CoyoteAdapter.java:238)
	at com.sun.enterprise.v3.services.impl.ContainerMapper$HttpHandlerCallable.call(ContainerMapper.java:463)
	at com.sun.enterprise.v3.services.impl.ContainerMapper.service(ContainerMapper.java:168)
	at org.glassfish.grizzly.http.server.HttpHandler.runService(HttpHandler.java:206)
	at org.glassfish.grizzly.http.server.HttpHandler.doHandle(HttpHandler.java:180)
	at org.glassfish.grizzly.http.server.HttpServerFilter.handleRead(HttpServerFilter.java:242)
	at org.glassfish.grizzly.filterchain.ExecutorResolver$9.execute(ExecutorResolver.java:119)
	at org.glassfish.grizzly.filterchain.DefaultFilterChain.executeFilter(DefaultFilterChain.java:284)
	at org.glassfish.grizzly.filterchain.DefaultFilterChain.executeChainPart(DefaultFilterChain.java:201)
	at org.glassfish.grizzly.filterchain.DefaultFilterChain.execute(DefaultFilterChain.java:133)
	at org.glassfish.grizzly.filterchain.DefaultFilterChain.process(DefaultFilterChain.java:112)
	at org.glassfish.grizzly.ProcessorExecutor.execute(ProcessorExecutor.java:77)
	at org.glassfish.grizzly.nio.transport.TCPNIOTransport.fireIOEvent(TCPNIOTransport.java:539)
	at org.glassfish.grizzly.strategies.AbstractIOStrategy.fireIOEvent(AbstractIOStrategy.java:112)
	at org.glassfish.grizzly.strategies.WorkerThreadIOStrategy.run0(WorkerThreadIOStrategy.java:117)
	at org.glassfish.grizzly.strategies.WorkerThreadIOStrategy.access$100(WorkerThreadIOStrategy.java:56)
	at org.glassfish.grizzly.strategies.WorkerThreadIOStrategy$WorkerThreadRunnable.run(WorkerThreadIOStrategy.java:137)
	at org.glassfish.grizzly.threadpool.AbstractThreadPool$Worker.doWork(AbstractThreadPool.java:593)
	at org.glassfish.grizzly.threadpool.AbstractThreadPool$Worker.run(AbstractThreadPool.java:573)
	at java.lang.Thread.run(Thread.java:748)
]]

[2021-05-03T15:04:50.874+0600] [glassfish 5.0] [WARNING] [] [javax.enterprise.web] [tid: _ThreadID=31 _ThreadName=http-listener-1(3)] [timeMillis: 1620032690874] [levelValue: 900] [[
  StandardWrapperValve[jsp]: Servlet.service() for servlet jsp threw exception
java.sql.SQLException: Before start of result set
	at com.mysql.jdbc.SQLError.createSQLException(SQLError.java:965)
	at com.mysql.jdbc.SQLError.createSQLException(SQLError.java:898)
	at com.mysql.jdbc.SQLError.createSQLException(SQLError.java:887)
	at com.mysql.jdbc.SQLError.createSQLException(SQLError.java:861)
	at com.mysql.jdbc.ResultSetImpl.checkRowPos(ResultSetImpl.java:780)
	at com.mysql.jdbc.ResultSetImpl.getStringInternal(ResultSetImpl.java:5204)
	at com.mysql.jdbc.ResultSetImpl.getString(ResultSetImpl.java:5127)
	at com.mysql.jdbc.ResultSetImpl.getString(ResultSetImpl.java:5166)
	at org.apache.jsp.admin.dashboard.index_jsp._jspService(index_jsp.java:183)
	at org.apache.jasper.runtime.HttpJspBase.service(HttpJspBase.java:111)
	at javax.servlet.http.HttpServlet.service(HttpServlet.java:791)
	at org.apache.jasper.servlet.JspServletWrapper.service(JspServletWrapper.java:411)
	at org.apache.jasper.servlet.JspServlet.serviceJspFile(JspServlet.java:473)
	at org.apache.jasper.servlet.JspServlet.service(JspServlet.java:377)
	at javax.servlet.http.HttpServlet.service(HttpServlet.java:791)
	at org.apache.catalina.core.StandardWrapper.service(StandardWrapper.java:1580)
	at org.apache.catalina.core.StandardWrapperValve.invoke(StandardWrapperValve.java:258)
	at org.apache.catalina.core.StandardContextValve.invoke(StandardContextValve.java:160)
	at org.apache.catalina.core.StandardPipeline.doInvoke(StandardPipeline.java:652)
	at org.apache.catalina.core.StandardPipeline.invoke(StandardPipeline.java:591)
	at com.sun.enterprise.web.WebPipeline.invoke(WebPipeline.java:99)
	at org.apache.catalina.core.StandardHostValve.invoke(StandardHostValve.java:155)
	at org.apache.catalina.connector.CoyoteAdapter.doService(CoyoteAdapter.java:371)
	at org.apache.catalina.connector.CoyoteAdapter.service(CoyoteAdapter.java:238)
	at com.sun.enterprise.v3.services.impl.ContainerMapper$HttpHandlerCallable.call(ContainerMapper.java:463)
	at com.sun.enterprise.v3.services.impl.ContainerMapper.service(ContainerMapper.java:168)
	at org.glassfish.grizzly.http.server.HttpHandler.runService(HttpHandler.java:206)
	at org.glassfish.grizzly.http.server.HttpHandler.doHandle(HttpHandler.java:180)
	at org.glassfish.grizzly.http.server.HttpServerFilter.handleRead(HttpServerFilter.java:242)
	at org.glassfish.grizzly.filterchain.ExecutorResolver$9.execute(ExecutorResolver.java:119)
	at org.glassfish.grizzly.filterchain.DefaultFilterChain.executeFilter(DefaultFilterChain.java:284)
	at org.glassfish.grizzly.filterchain.DefaultFilterChain.executeChainPart(DefaultFilterChain.java:201)
	at org.glassfish.grizzly.filterchain.DefaultFilterChain.execute(DefaultFilterChain.java:133)
	at org.glassfish.grizzly.filterchain.DefaultFilterChain.process(DefaultFilterChain.java:112)
	at org.glassfish.grizzly.ProcessorExecutor.execute(ProcessorExecutor.java:77)
	at org.glassfish.grizzly.nio.transport.TCPNIOTransport.fireIOEvent(TCPNIOTransport.java:539)
	at org.glassfish.grizzly.strategies.AbstractIOStrategy.fireIOEvent(AbstractIOStrategy.java:112)
	at org.glassfish.grizzly.strategies.WorkerThreadIOStrategy.run0(WorkerThreadIOStrategy.java:117)
	at org.glassfish.grizzly.strategies.WorkerThreadIOStrategy.access$100(WorkerThreadIOStrategy.java:56)
	at org.glassfish.grizzly.strategies.WorkerThreadIOStrategy$WorkerThreadRunnable.run(WorkerThreadIOStrategy.java:137)
	at org.glassfish.grizzly.threadpool.AbstractThreadPool$Worker.doWork(AbstractThreadPool.java:593)
	at org.glassfish.grizzly.threadpool.AbstractThreadPool$Worker.run(AbstractThreadPool.java:573)
	at java.lang.Thread.run(Thread.java:748)
]]

